[    0.000000] Initializing cgroup subsys cpuset
[    0.000000] Initializing cgroup subsys cpu
[    0.000000] Initializing cgroup subsys cpuacct
[    0.000000] Linux version 4.4.0-177-generic (buildd@lgw01-amd64-035) (gcc version 5.4.0 20160609 (Ubuntu 5.4.0-6ubuntu1~16.04.12) ) #207-Ubuntu SMP Mon Mar 16 01:16:10 UTC 2020 (Ubuntu 4.4.0-177.207-generic 4.4.214)
[    0.000000] Command line: BOOT_IMAGE=/boot/vmlinuz-4.4.0-177-generic root=LABEL=cloudimg-rootfs ro console=tty1 console=ttyS0
[    0.000000] KERNEL supported cpus:
[    0.000000]   Intel GenuineIntel
[    0.000000]   AMD AuthenticAMD
[    0.000000]   Centaur CentaurHauls
[    0.000000] x86/fpu: xstate_offset[2]:  576, xstate_sizes[2]:  256
[    0.000000] x86/fpu: Supporting XSAVE feature 0x01: 'x87 floating point registers'
[    0.000000] x86/fpu: Supporting XSAVE feature 0x02: 'SSE registers'
[    0.000000] x86/fpu: Supporting XSAVE feature 0x04: 'AVX registers'
[    0.000000] x86/fpu: Enabled xstate features 0x7, context size is 832 bytes, using 'standard' format.
[    0.000000] e820: BIOS-provided physical RAM map:
[    0.000000] BIOS-e820: [mem 0x0000000000000000-0x000000000009fbff] usable
[    0.000000] BIOS-e820: [mem 0x000000000009fc00-0x000000000009ffff] reserved
[    0.000000] BIOS-e820: [mem 0x00000000000f0000-0x00000000000fffff] reserved
[    0.000000] BIOS-e820: [mem 0x0000000000100000-0x000000003ffeffff] usable
[    0.000000] BIOS-e820: [mem 0x000000003fff0000-0x000000003fffffff] ACPI data
[    0.000000] BIOS-e820: [mem 0x00000000fec00000-0x00000000fec00fff] reserved
[    0.000000] BIOS-e820: [mem 0x00000000fee00000-0x00000000fee00fff] reserved
[    0.000000] BIOS-e820: [mem 0x00000000fffc0000-0x00000000ffffffff] reserved
[    0.000000] NX (Execute Disable) protection: active
[    0.000000] SMBIOS 2.5 present.
[    0.000000] Hypervisor detected: KVM
[    0.000000] e820: last_pfn = 0x3fff0 max_arch_pfn = 0x400000000
[    0.000000] MTRR: Disabled
[    0.000000] x86/PAT: MTRRs disabled, skipping PAT initialization too.
[    0.000000] CPU MTRRs all blank - virtualized system.
[    0.000000] x86/PAT: Configuration [0-7]: WB  WT  UC- UC  WB  WT  UC- UC  
[    0.000000] found SMP MP-table at [mem 0x0009fff0-0x0009ffff] mapped at [ffff88000009fff0]
[    0.000000] Scanning 1 areas for low memory corruption
[    0.000000] RAMDISK: [mem 0x362e4000-0x37169fff]
[    0.000000] ACPI: Early table checksum verification disabled
[    0.000000] ACPI: RSDP 0x00000000000E0000 000024 (v02 VBOX  )
[    0.000000] ACPI: XSDT 0x000000003FFF0030 00003C (v01 VBOX   VBOXXSDT 00000001 ASL  00000061)
[    0.000000] ACPI: FACP 0x000000003FFF00F0 0000F4 (v04 VBOX   VBOXFACP 00000001 ASL  00000061)
[    0.000000] ACPI: DSDT 0x000000003FFF0470 002325 (v02 VBOX   VBOXBIOS 00000002 INTL 20120111)
[    0.000000] ACPI: FACS 0x000000003FFF0200 000040
[    0.000000] ACPI: FACS 0x000000003FFF0200 000040
[    0.000000] ACPI: APIC 0x000000003FFF0240 00005C (v02 VBOX   VBOXAPIC 00000001 ASL  00000061)
[    0.000000] ACPI: SSDT 0x000000003FFF02A0 0001CC (v01 VBOX   VBOXCPUT 00000002 INTL 20120111)
[    0.000000] No NUMA configuration found
[    0.000000] Faking a node at [mem 0x0000000000000000-0x000000003ffeffff]
[    0.000000] NODE_DATA(0) allocated [mem 0x3ffeb000-0x3ffeffff]
[    0.000000] kvm-clock: Using msrs 4b564d01 and 4b564d00
[    0.000000] kvm-clock: cpu 0, msr 0:3ffe3001, primary cpu clock
[    0.000000] kvm-clock: using sched offset of 3492391211 cycles
[    0.000000] clocksource: kvm-clock: mask: 0xffffffffffffffff max_cycles: 0x1cd42e4dffb, max_idle_ns: 881590591483 ns
[    0.000000] Zone ranges:
[    0.000000]   DMA      [mem 0x0000000000001000-0x0000000000ffffff]
[    0.000000]   DMA32    [mem 0x0000000001000000-0x000000003ffeffff]
[    0.000000]   Normal   empty
[    0.000000]   Device   empty
[    0.000000] Movable zone start for each node
[    0.000000] Early memory node ranges
[    0.000000]   node   0: [mem 0x0000000000001000-0x000000000009efff]
[    0.000000]   node   0: [mem 0x0000000000100000-0x000000003ffeffff]
[    0.000000] Initmem setup node 0 [mem 0x0000000000001000-0x000000003ffeffff]
[    0.000000] ACPI: PM-Timer IO Port: 0x4008
[    0.000000] IOAPIC[0]: apic_id 2, version 32, address 0xfec00000, GSI 0-23
[    0.000000] ACPI: INT_SRC_OVR (bus 0 bus_irq 0 global_irq 2 dfl dfl)
[    0.000000] ACPI: INT_SRC_OVR (bus 0 bus_irq 9 global_irq 9 low level)
[    0.000000] Using ACPI (MADT) for SMP configuration information
[    0.000000] smpboot: Allowing 2 CPUs, 0 hotplug CPUs
[    0.000000] PM: Registered nosave memory: [mem 0x00000000-0x00000fff]
[    0.000000] PM: Registered nosave memory: [mem 0x0009f000-0x0009ffff]
[    0.000000] PM: Registered nosave memory: [mem 0x000a0000-0x000effff]
[    0.000000] PM: Registered nosave memory: [mem 0x000f0000-0x000fffff]
[    0.000000] e820: [mem 0x40000000-0xfebfffff] available for PCI devices
[    0.000000] Booting paravirtualized kernel on KVM
[    0.000000] clocksource: refined-jiffies: mask: 0xffffffff max_cycles: 0xffffffff, max_idle_ns: 7645519600211568 ns
[    0.000000] setup_percpu: NR_CPUS:512 nr_cpumask_bits:512 nr_cpu_ids:2 nr_node_ids:1
[    0.000000] PERCPU: Embedded 33 pages/cpu @ffff88003fc00000 s95448 r8192 d31528 u1048576
[    0.000000] Built 1 zonelists in Node order, mobility grouping on.  Total pages: 257912
[    0.000000] Policy zone: DMA32
[    0.000000] Kernel command line: BOOT_IMAGE=/boot/vmlinuz-4.4.0-177-generic root=LABEL=cloudimg-rootfs ro console=tty1 console=ttyS0
[    0.000000] PID hash table entries: 4096 (order: 3, 32768 bytes)
[    0.000000] Memory: 997680K/1048120K available (8626K kernel code, 1336K rwdata, 4036K rodata, 1488K init, 1292K bss, 50440K reserved, 0K cma-reserved)
[    0.000000] SLUB: HWalign=64, Order=0-3, MinObjects=0, CPUs=2, Nodes=1
[    0.000000] Kernel/User page tables isolation: enabled
[    0.000000] Hierarchical RCU implementation.
[    0.000000] 	Build-time adjustment of leaf fanout to 64.
[    0.000000] 	RCU restricting CPUs from NR_CPUS=512 to nr_cpu_ids=2.
[    0.000000] RCU: Adjusting geometry for rcu_fanout_leaf=64, nr_cpu_ids=2
[    0.000000] NR_IRQS:33024 nr_irqs:440 16
[    0.000000] Console: colour VGA+ 80x25
[    0.000000] console [tty1] enabled
[    0.000000] console [ttyS0] enabled
[    0.000000] tsc: Detected 2591.998 MHz processor
[    0.170706] Calibrating delay loop (skipped) preset value.. 5183.99 BogoMIPS (lpj=10367992)
[    0.172539] pid_max: default: 32768 minimum: 301
[    0.173560] ACPI: Core revision 20150930
[    0.175076] ACPI: 2 ACPI AML tables successfully acquired and loaded
[    0.176667] Security Framework initialized
[    0.177501] Yama: becoming mindful.
[    0.178270] AppArmor: AppArmor initialized
[    0.179158] Dentry cache hash table entries: 131072 (order: 8, 1048576 bytes)
[    0.181557] Inode-cache hash table entries: 65536 (order: 7, 524288 bytes)
[    0.183007] Mount-cache hash table entries: 2048 (order: 2, 16384 bytes)
[    0.184453] Mountpoint-cache hash table entries: 2048 (order: 2, 16384 bytes)
[    0.186058] Initializing cgroup subsys io
[    0.186951] Initializing cgroup subsys memory
[    0.187895] Initializing cgroup subsys devices
[    0.188843] Initializing cgroup subsys freezer
[    0.189804] Initializing cgroup subsys net_cls
[    0.190785] Initializing cgroup subsys perf_event
[    0.191754] Initializing cgroup subsys net_prio
[    0.192640] Initializing cgroup subsys hugetlb
[    0.193616] Initializing cgroup subsys pids
[    0.208918] mce: CPU supports 0 MCE banks
[    0.209876] Last level iTLB entries: 4KB 64, 2MB 8, 4MB 8
[    0.211138] Last level dTLB entries: 4KB 64, 2MB 0, 4MB 0, 1GB 4
[    0.212537] Spectre V1 : Mitigation: usercopy/swapgs barriers and __user pointer sanitization
[    0.214602] Spectre V2 : Mitigation: Full generic retpoline
[    0.215781] Spectre V2 : Spectre v2 / SpectreRSB mitigation: Filling RSB on context switch
[    0.217656] Speculative Store Bypass: Vulnerable
[    0.218839] MDS: Mitigation: Clear CPU buffers
[    0.222426] Freeing SMP alternatives memory: 36K
[    0.230489] ftrace: allocating 32304 entries in 127 pages
[    0.290093] smpboot: APIC(0) Converting physical 0 to logical package 0
[    0.291742] smpboot: Max logical packages: 1
[    0.293336] x2apic enabled
[    0.294515] Switched APIC routing to physical x2apic.
[    0.296902] ..TIMER: vector=0x30 apic1=0 pin1=2 apic2=-1 pin2=-1
[    0.406672] smpboot: CPU0: Intel(R) Core(TM) i7-9750H CPU @ 2.60GHz (family: 0x6, model: 0x9e, stepping: 0xa)
[    0.408785] Performance Events: unsupported p6 CPU model 158 no PMU driver, software events only.
[    0.417660] KVM setup paravirtual spinlock
[    0.419552] x86: Booting SMP configuration:
[    0.420751] .... node  #0, CPUs:      #1
[    0.421949] kvm-clock: cpu 1, msr 0:3ffe3041, secondary cpu clock
[    0.435523] mce: CPU supports 0 MCE banks
[    0.438441] x86: Booted up 1 node, 2 CPUs
[    0.439824] smpboot: Total of 2 processors activated (10367.99 BogoMIPS)
[    0.441581] devtmpfs: initialized
[    0.444082] evm: security.selinux
[    0.445131] evm: security.SMACK64
[    0.445911] evm: security.SMACK64EXEC
[    0.446712] evm: security.SMACK64TRANSMUTE
[    0.447668] evm: security.SMACK64MMAP
[    0.448417] evm: security.ima
[    0.449057] evm: security.capability
[    0.449958] clocksource: jiffies: mask: 0xffffffff max_cycles: 0xffffffff, max_idle_ns: 7645041785100000 ns
[    0.451848] futex hash table entries: 512 (order: 3, 32768 bytes)
[    0.453105] pinctrl core: initialized pinctrl subsystem
[    0.454382] RTC time: 23:06:30, date: 04/28/21
[    0.455534] NET: Registered protocol family 16
[    0.466606] cpuidle: using governor ladder
[    0.478761] cpuidle: using governor menu
[    0.480013] PCCT header not found.
[    0.481176] ACPI: bus type PCI registered
[    0.482364] acpiphp: ACPI Hot Plug PCI Controller Driver version: 0.5
[    0.484159] PCI: Using configuration type 1 for base access
[    0.499570] ACPI: Added _OSI(Module Device)
[    0.500628] ACPI: Added _OSI(Processor Device)
[    0.501620] ACPI: Added _OSI(3.0 _SCP Extensions)
[    0.502716] ACPI: Added _OSI(Processor Aggregator Device)
[    0.505270] ACPI: Executed 1 blocks of module-level executable AML code
[    0.509036] ACPI: Interpreter enabled
[    0.509926] ACPI: (supports S0 S5)
[    0.510919] ACPI: Using IOAPIC for interrupt routing
[    0.512287] PCI: Using host bridge windows from ACPI; if necessary, use "pci=nocrs" and report a bug
[    0.518471] ACPI: PCI Root Bridge [PCI0] (domain 0000 [bus 00-ff])
[    0.519962] acpi PNP0A03:00: _OSC: OS supports [ASPM ClockPM Segments MSI]
[    0.521616] acpi PNP0A03:00: _OSC: not requesting OS control; OS requires [ExtendedConfig ASPM ClockPM MSI]
[    0.524046] acpi PNP0A03:00: fail to add MMCONFIG information, can't access extended PCI configuration space under this bridge.
[    0.526970] PCI host bridge to bus 0000:00
[    0.527789] pci_bus 0000:00: root bus resource [io  0x0000-0x0cf7 window]
[    0.529022] pci_bus 0000:00: root bus resource [io  0x0d00-0xffff window]
[    0.530264] pci_bus 0000:00: root bus resource [mem 0x000a0000-0x000bffff window]
[    0.531886] pci_bus 0000:00: root bus resource [mem 0x40000000-0xfdffffff window]
[    0.533619] pci_bus 0000:00: root bus resource [bus 00-ff]
[    0.536825] pci 0000:00:01.1: legacy IDE quirk: reg 0x10: [io  0x01f0-0x01f7]
[    0.538293] pci 0000:00:01.1: legacy IDE quirk: reg 0x14: [io  0x03f6]
[    0.539559] pci 0000:00:01.1: legacy IDE quirk: reg 0x18: [io  0x0170-0x0177]
[    0.540845] pci 0000:00:01.1: legacy IDE quirk: reg 0x1c: [io  0x0376]
[    0.558806] pci 0000:00:07.0: quirk: [io  0x4000-0x403f] claimed by PIIX4 ACPI
[    0.560775] pci 0000:00:07.0: quirk: [io  0x4100-0x410f] claimed by PIIX4 SMB
[    0.566484] ACPI: PCI Interrupt Link [LNKA] (IRQs 5 9 10 *11)
[    0.568085] ACPI: PCI Interrupt Link [LNKB] (IRQs 5 9 *10 11)
[    0.569499] ACPI: PCI Interrupt Link [LNKC] (IRQs 5 *9 10 11)
[    0.571026] ACPI: PCI Interrupt Link [LNKD] (IRQs 5 9 10 *11)
[    0.572627] ACPI: Enabled 2 GPEs in block 00 to 07
[    0.573884] vgaarb: setting as boot device: PCI:0000:00:02.0
[    0.575029] vgaarb: device added: PCI:0000:00:02.0,decodes=io+mem,owns=io+mem,locks=none
[    0.576658] vgaarb: loaded
[    0.577261] vgaarb: bridge control possible 0000:00:02.0
[    0.578412] SCSI subsystem initialized
[    0.579290] ACPI: bus type USB registered
[    0.580106] usbcore: registered new interface driver usbfs
[    0.581263] usbcore: registered new interface driver hub
[    0.582275] usbcore: registered new device driver usb
[    0.583460] PCI: Using ACPI for IRQ routing
[    0.585515] NetLabel: Initializing
[    0.586282] NetLabel:  domain hash size = 128
[    0.587363] NetLabel:  protocols = UNLABELED CIPSOv4
[    0.588388] NetLabel:  unlabeled traffic allowed by default
[    0.589618] amd_nb: Cannot enumerate AMD northbridges
[    0.590978] clocksource: Switched to clocksource kvm-clock
[    0.606683] AppArmor: AppArmor Filesystem Enabled
[    0.608253] pnp: PnP ACPI init
[    0.610395] pnp: PnP ACPI: found 3 devices
[    0.619848] clocksource: acpi_pm: mask: 0xffffff max_cycles: 0xffffff, max_idle_ns: 2085701024 ns
[    0.622925] NET: Registered protocol family 2
[    0.624577] TCP established hash table entries: 8192 (order: 4, 65536 bytes)
[    0.626435] TCP bind hash table entries: 8192 (order: 5, 131072 bytes)
[    0.628164] TCP: Hash tables configured (established 8192 bind 8192)
[    0.629535] UDP hash table entries: 512 (order: 2, 16384 bytes)
[    0.630758] UDP-Lite hash table entries: 512 (order: 2, 16384 bytes)
[    0.632144] NET: Registered protocol family 1
[    0.633228] pci 0000:00:00.0: Limiting direct PCI/PCI transfers
[    0.634811] pci 0000:00:01.0: Activating ISA DMA hang workarounds
[    0.636258] Unpacking initramfs...
[    0.846721] Freeing initrd memory: 14872K
[    0.848114] clocksource: tsc: mask: 0xffffffffffffffff max_cycles: 0x255cb518234, max_idle_ns: 440795279333 ns
[    0.850769] platform rtc_cmos: registered platform RTC device (no PNP device found)
[    0.852777] Scanning for low memory corruption every 60 seconds
[    0.854444] audit: initializing netlink subsys (disabled)
[    0.855882] audit: type=2000 audit(1619651196.171:1): initialized
[    0.857568] Initialise system trusted keyring
[    0.858836] HugeTLB registered 2 MB page size, pre-allocated 0 pages
[    0.861281] zbud: loaded
[    0.862325] VFS: Disk quotas dquot_6.6.0
[    0.863425] VFS: Dquot-cache hash table entries: 512 (order 0, 4096 bytes)
[    0.865174] squashfs: version 4.0 (2009/01/31) Phillip Lougher
[    0.866681] fuse init (API version 7.23)
[    0.868008] Key type big_key registered
[    0.868957] Allocating IMA MOK and blacklist keyrings.
[    0.871126] Key type asymmetric registered
[    0.872099] Asymmetric key parser 'x509' registered
[    0.873341] Block layer SCSI generic (bsg) driver version 0.4 loaded (major 249)
[    0.875109] io scheduler noop registered
[    0.876013] io scheduler deadline registered (default)
[    0.877250] io scheduler cfq registered
[    0.878243] pci_hotplug: PCI Hot Plug PCI Core version: 0.5
[    0.879488] pciehp: PCI Express Hot Plug Controller Driver version: 0.4
[    0.881145] ACPI: AC Adapter [AC] (off-line)
[    0.882150] input: Power Button as /devices/LNXSYSTM:00/LNXPWRBN:00/input/input0
[    0.883972] ACPI: Power Button [PWRF]
[    0.885157] input: Sleep Button as /devices/LNXSYSTM:00/LNXSLPBN:00/input/input1
[    0.886905] ACPI: Sleep Button [SLPF]
[    0.887992] GHES: HEST is not enabled!
[    0.888950] ACPI: Battery Slot [BAT0] (battery present)
[    0.890008] Serial: 8250/16550 driver, 32 ports, IRQ sharing enabled
[    0.911763] 00:02: ttyS0 at I/O 0x3f8 (irq = 4, base_baud = 115200) is a 16550A
[    0.915521] Linux agpgart interface v0.103
[    0.917915] loop: module loaded
[    0.919303] scsi host0: ata_piix
[    0.920114] scsi host1: ata_piix
[    0.921105] ata1: PATA max UDMA/33 cmd 0x1f0 ctl 0x3f6 bmdma 0xd000 irq 14
[    0.922367] ata2: PATA max UDMA/33 cmd 0x170 ctl 0x376 bmdma 0xd008 irq 15
[    0.924709] libphy: Fixed MDIO Bus: probed
[    0.925800] tun: Universal TUN/TAP device driver, 1.6
[    0.926799] tun: (C) 1999-2004 Max Krasnyansky <maxk@qualcomm.com>
[    0.928063] PPP generic driver version 2.4.2
[    0.929019] ehci_hcd: USB 2.0 'Enhanced' Host Controller (EHCI) Driver
[    0.930233] ehci-pci: EHCI PCI platform driver
[    0.931126] ehci-platform: EHCI generic platform driver
[    0.932133] ohci_hcd: USB 1.1 'Open' Host Controller (OHCI) Driver
[    0.933398] ohci-pci: OHCI PCI platform driver
[    0.934296] ohci-platform: OHCI generic platform driver
[    0.935346] uhci_hcd: USB Universal Host Controller Interface driver
[    0.936606] i8042: PNP: PS/2 Controller [PNP0303:PS2K,PNP0f03:PS2M] at 0x60,0x64 irq 1,12
[    0.938681] serio: i8042 KBD port at 0x60,0x64 irq 1
[    0.939770] serio: i8042 AUX port at 0x60,0x64 irq 12
[    0.941008] mousedev: PS/2 mouse device common for all mice
[    0.942442] input: AT Translated Set 2 keyboard as /devices/platform/i8042/serio0/input/input2
[    0.944794] rtc_cmos rtc_cmos: rtc core: registered rtc_cmos as rtc0
[    0.946200] rtc_cmos rtc_cmos: alarms up to one day, 114 bytes nvram
[    0.947464] i2c /dev entries driver
[    0.948246] device-mapper: uevent: version 1.0.3
[    0.949293] device-mapper: ioctl: 4.34.0-ioctl (2015-10-28) initialised: dm-devel@redhat.com
[    0.951057] ledtrig-cpu: registered to indicate activity on CPUs
[    0.952621] NET: Registered protocol family 10
[    0.953797] NET: Registered protocol family 17
[    0.954737] Key type dns_resolver registered
[    0.956052] registered taskstats version 1
[    0.956984] Loading compiled-in X.509 certificates
[    0.958491] Loaded X.509 cert 'Build time autogenerated kernel key: a048edf52b07f04005c7780de0f875c713550332'
[    0.960627] zswap: loaded using pool lzo/zbud
[    0.963256] Key type trusted registered
[    0.966896] Key type encrypted registered
[    0.967954] AppArmor: AppArmor sha1 policy hashing enabled
[    0.969412] ima: No TPM chip found, activating TPM-bypass!
[    0.970656] ima: Allocated hash algorithm: sha1
[    0.971661] evm: HMAC attrs: 0x1
[    0.972969]   Magic number: 1:598:151
[    0.973874] rtc_cmos rtc_cmos: setting system clock to 2021-04-28 23:06:31 UTC (1619651191)
[    0.975825] BIOS EDD facility v0.16 2004-Jun-25, 0 devices found
[    0.977080] EDD information not available.
[    1.103277] Freeing unused kernel memory: 1488K
[    1.104731] Write protecting the kernel read-only data: 14336k
[    1.106409] Freeing unused kernel memory: 1604K
[    1.107468] Freeing unused kernel memory: 60K
Loading, please wait...
starting version 229
[    1.118446] random: systemd-udevd: uninitialized urandom read (16 bytes read, 3 bits of entropy available)
[    1.118914] random: udevadm: uninitialized urandom read (16 bytes read, 3 bits of entropy available)
[    1.118940] random: udevadm: uninitialized urandom read (16 bytes read, 3 bits of entropy available)
[    1.125162] random: systemd-udevd: uninitialized urandom read (16 bytes read, 3 bits of entropy available)
[    1.125231] random: udevadm: uninitialized urandom read (16 bytes read, 3 bits of entropy available)
[    1.125300] random: udevadm: uninitialized urandom read (16 bytes read, 3 bits of entropy available)
[    1.125408] random: udevadm: uninitialized urandom read (16 bytes read, 3 bits of entropy available)
[    1.125455] random: udevadm: uninitialized urandom read (16 bytes read, 3 bits of entropy available)
[    1.125499] random: udevadm: uninitialized urandom read (16 bytes read, 3 bits of entropy available)
[    1.125543] random: udevadm: uninitialized urandom read (16 bytes read, 3 bits of entropy available)
[    1.189255] e1000: Intel(R) PRO/1000 Network Driver - version 7.3.21-k8-NAPI
[    1.191292] e1000: Copyright (c) 1999-2006 Intel Corporation.
[    1.194685] Fusion MPT base driver 3.04.20
[    1.196545] Copyright (c) 1999-2008 LSI Corporation
[    1.205848] Fusion MPT SPI Host driver 3.04.20
[    1.217815] AVX2 version of gcm_enc/dec engaged.
[    1.219388] AES CTR mode by8 optimization enabled
[    1.408542] input: ImExPS/2 Generic Explorer Mouse as /devices/platform/i8042/serio1/input/input4
[    1.605244] e1000 0000:00:03.0 eth0: (PCI:33MHz:32-bit) 02:f4:cb:fd:67:72
[    1.607000] e1000 0000:00:03.0 eth0: Intel(R) PRO/1000 Network Connection
[    1.609244] mptbase: ioc0: Initiating bringup
[    1.609554] e1000 0000:00:03.0 enp0s3: renamed from eth0
[    3.498799] ioc0: LSI53C1030 A0: Capabilities={Initiator}
[    6.243595] scsi host2: ioc0: LSI53C1030 A0, FwRev=00000000h, Ports=1, MaxQ=256, IRQ=20
[    7.667211] scsi 2:0:0:0: Direct-Access     VBOX     HARDDISK         1.0  PQ: 0 ANSI: 5
[    7.669930] scsi target2:0:0: Beginning Domain Validation
[    7.672379] scsi target2:0:0: Domain Validation skipping write tests
[    7.674082] scsi target2:0:0: Ending Domain Validation
[    7.675624] scsi target2:0:0: asynchronous
[    7.677090] scsi 2:0:1:0: Direct-Access     VBOX     HARDDISK         1.0  PQ: 0 ANSI: 5
[    7.679287] scsi target2:0:1: Beginning Domain Validation
[    7.681908] scsi target2:0:1: Domain Validation skipping write tests
[    7.683835] scsi target2:0:1: Ending Domain Validation
[    7.685282] scsi target2:0:1: asynchronous
[    7.702006] sd 2:0:0:0: Attached scsi generic sg0 type 0
[    7.703663] sd 2:0:1:0: Attached scsi generic sg1 type 0
[    7.704211] sd 2:0:0:0: [sda] 20971520 512-byte logical blocks: (10.7 GB/10.0 GiB)
[    7.707334] sd 2:0:1:0: [sdb] 20480 512-byte logical blocks: (10.5 MB/10.0 MiB)
[    7.709556] sd 2:0:0:0: [sda] Write Protect is off
[    7.711609] sd 2:0:1:0: [sdb] Write Protect is off
[    7.713274] sd 2:0:0:0: [sda] Incomplete mode parameter data
[    7.714700] sd 2:0:0:0: [sda] Assuming drive cache: write through
[    7.717381] sd 2:0:1:0: [sdb] Incomplete mode parameter data
[    7.719778] sd 2:0:1:0: [sdb] Assuming drive cache: write through
[    7.720548]  sda: sda1
[    7.721335] sd 2:0:0:0: [sda] Attached SCSI disk
[    7.727277] sd 2:0:1:0: [sdb] Attached SCSI disk
Begin: Loading essential drivers ... [    9.001178] md: linear personality registered for level -1
[    9.004817] md: multipath personality registered for level -4
[    9.008006] md: raid0 personality registered for level 0
[    9.012287] md: raid1 personality registered for level 1
[    9.083245] raid6: sse2x1   gen() 13163 MB/s
[    9.152828] raid6: sse2x1   xor() 10187 MB/s
[    9.222841] raid6: sse2x2   gen() 17237 MB/s
[    9.291050] raid6: sse2x2   xor() 11395 MB/s
[    9.359214] raid6: sse2x4   gen() 18466 MB/s
[    9.427529] raid6: sse2x4   xor() 11731 MB/s
[    9.495131] raid6: avx2x1   gen() 22686 MB/s
[    9.563405] raid6: avx2x2   gen() 26524 MB/s
[    9.631040] raid6: avx2x4   gen() 28644 MB/s
[    9.632360] raid6: using algorithm avx2x4 gen() 28644 MB/s
[    9.633679] raid6: using avx2x2 recovery algorithm
[    9.636627] xor: automatically using best checksumming function:
[    9.675111]    avx       : 21694.000 MB/sec
[    9.677296] async_tx: api initialized (async)
[    9.688680] md: raid6 personality registered for level 6
[    9.690263] md: raid5 personality registered for level 5
[    9.691990] md: raid4 personality registered for level 4
[    9.698793] md: raid10 personality registered for level 10
done.
Begin: Running /scripts/init-premount ... done.
Begin: Mounting root file system ... Begin: Running /scripts/local-top ... done.
Begin: Running /scripts/local-premount ... [    9.725097] Btrfs loaded
Scanning for Btrfs filesystems
done.
Warning: fsck not present, so skipping root file system
[    9.743510] EXT4-fs (sda1): mounted filesystem with ordered data mode. Opts: (null)
done.
Begin: Running /scripts/local-bottom ... done.
Begin: Running /scripts/init-bottom ... done.
[    9.805807] systemd[1]: systemd 229 running in system mode. (+PAM +AUDIT +SELINUX +IMA +APPARMOR +SMACK +SYSVINIT +UTMP +LIBCRYPTSETUP +GCRYPT +GNUTLS +ACL +XZ -LZ4 +SECCOMP +BLKID +ELFUTILS +KMOD -IDN)
[    9.809554] systemd[1]: Detected virtualization oracle.
[    9.810664] systemd[1]: Detected architecture x86-64.

Welcome to [1mUbuntu 16.04.6 LTS[0m!

[    9.813500] systemd[1]: Set hostname to <ubuntu>.
[    9.815652] systemd[1]: Initializing machine ID from random generator.
[    9.816977] systemd[1]: Installed transient /etc/machine-id file.
[    9.939625] systemd[1]: Listening on LVM2 metadata daemon socket.
[[0;32m  OK  [0m] Listening on LVM2 metadata daemon socket.
[    9.942251] systemd[1]: Reached target Encrypted Volumes.
[[0;32m  OK  [0m] Reached target Encrypted Volumes.
[    9.944726] systemd[1]: Listening on LVM2 poll daemon socket.
[[0;32m  OK  [0m] Listening on LVM2 poll daemon socket.
[    9.947594] systemd[1]: Listening on udev Control Socket.
[[0;32m  OK  [0m] Listening on udev Control Socket.
[   10.498887] systemd[1]: Created slice User and Session Slice.
[[0;32m  OK  [0m] Created slice User and Session Slice.
[   10.848044] systemd[1]: Listening on Device-mapper event daemon FIFOs.
[[0;32m  OK  [0m] Listening on Device-mapper event daemon FIFOs.
[   10.851562] systemd[1]: Started Trigger resolvconf update for networkd DNS.
[[0;32m  OK  [0m] Started Trigger resolvconf update for networkd DNS.
[   10.854758] systemd[1]: Reached target System Time Synchronized.
[[0;32m  OK  [0m] Reached target System Time Synchronized.
[   10.857703] systemd[1]: Reached target User and Group Name Lookups.
[[0;32m  OK  [0m] Reached target User and Group Name Lookups.
[   10.860658] systemd[1]: Listening on Journal Socket.
[[0;32m  OK  [0m] Listening on Journal Socket.
[   10.863015] systemd[1]: Listening on Journal Socket (/dev/log).
[[0;32m  OK  [0m] Listening on Journal Socket (/dev/log).
[   11.012160] systemd[1]: Created slice System Slice.
[[0;32m  OK  [0m] Created slice System Slice.
[   11.379293] systemd[1]: Starting Create list of required static device nodes for the current kernel...
         Starting Create list of required st... nodes for the current kernel...
[   11.384305] systemd[1]: Created slice system-serial\x2dgetty.slice.
[[0;32m  OK  [0m] Created slice system-serial\x2dgetty.slice.
[   11.396584] systemd[1]: Starting Load Kernel Modules...
         Starting Load Kernel Modules...
[   11.399230] systemd[1]: Starting Uncomplicated firewall...
         Starting Uncomplicated firewall...
[   11.405325] Loading iSCSI transport class v2.0-870.
[   11.407215] systemd[1]: Reached target Slices.
[[0;32m  OK  [0m] Reached target Slices.
[   11.409759] systemd[1]: Starting Remount Root and Kernel File Systems...
         Starting Remount Root and Kernel File Systems...
[   11.413415] iscsi: registered transport (tcp)
[   11.413425] systemd[1]: Mounting Huge Pages File System...
         Mounting Huge Pages File System...
[   11.418712] systemd[1]: Starting Set console keymap...
[   11.420205] EXT4-fs (sda1): re-mounted. Opts: (null)
         Starting Set console keymap...
[   11.423585] systemd[1]: Started Forward Password Requests to Wall Directory Watch.
[[0;32m  OK  [0m] Started Forward Password Requests to Wall Directory Watch.
[   11.427436] systemd[1]: Starting Monitoring of LVM2 mirrors, snapshots etc. using dmeventd or progress polling...
         Starting Monitoring of LVM2 mirrors... dmeventd or progress polling...
[   11.431798] systemd[1]: Mounting POSIX Message Queue File System...
         Mounting POSIX Message Queue File System...
[   11.434886] systemd[1]: Listening on Journal Audit Socket.
[[0;32m  OK  [0m] Listening on Journal Audit Socket.
[   11.437642] systemd[1]: Set up automount Arbitrary Executable File Formats File System Automount Point.
[[0;32m  OK  [0m] Set up automount Arbitrary Executab...ats File System Automount Point.
[   11.447899] systemd[1]: Starting Nameserver information manager...
         Starting Nameserver information manager...
[   11.450739] systemd[1]: Reached target Swap.
[[0;32m  OK  [0m] Reached target Swap.
[   11.452806] systemd[1]: Listening on /dev/initctl Compatibility Named Pipe.
[[0;32m  OK  [0m] Listening on /dev/initctl Compatibility Named Pipe.
[   11.456489] systemd[1]: Mounting Debug File System...
         Mounting Debug File System...
[   11.458361] systemd[1]: Listening on Syslog Socket.
[[0;32m  OK  [0m] Listening on Syslog Socket.
[   11.460771] systemd[1]: Starting Journal Service...
         Starting Journal Service...
[   11.463370] systemd[1]: Listening on udev Kernel Socket.
[[0;32m  OK  [0m] Listening on udev Kernel Socket.
[   11.466724] systemd[1]: Mounted Debug File System.
[[0;32m  OK  [0m] Mounted Debug File System.
[   11.475618] systemd[1]: Mounted POSIX Message Queue File System.
[   11.477125] iscsi: registered transport (iser)
[[0;32m  OK  [0m] Mounted POSIX Message Queue File System.
[   11.478774] systemd[1]: Mounted Huge Pages File System.
[[0;32m  OK  [0m] Mounted Huge Pages File System.
[   11.480870] systemd[1]: Started Journal Service.
[[0;32m  OK  [0m] Started Journal Service.
[[0;32m  OK  [0m] Started Create list of required sta...ce nodes for the current kernel.
[[0;32m  OK  [0m] Started Load Kernel Modules.
[[0;32m  OK  [0m] Started Uncomplicated firewall.
[[0;32m  OK  [0m] Started Remount Root and Kernel File Systems.
[[0;32m  OK  [0m] Started Set console keymap.
[[0;32m  OK  [0m] Started LVM2 metadata daemon.
         Starting udev Coldplug all Devices...
         Starting Load/Save Random Seed...
         Starting Apply Kernel Variables...
         Mounting FUSE Control File System...
         Starting Create Static Device Nodes in /dev...
         Starting Flush Journal to Persistent Storage...
[[0;32m  OK  [0m] Mounted FUSE Control File System.
[[0;32m  OK  [0m] Started Nameserver information manager.
[[0;32m  OK  [0m] Started Load/Save Random Seed.
[[0;32m  OK  [0m] Started Apply Kernel Variables.
[[0;32m  OK  [0m] Started Create Static Device Nodes in /dev.
[[0;32m  OK  [0m] Started Flush Journal to Persistent Storage.
         Starting udev Kernel Device Manager...
[[0;32m  OK  [0m] Started udev Kernel Device Manager.
[[0;32m  OK  [0m] Started udev Coldplug all Devices.
[[0;32m  OK  [0m] Started Dispatch Password Requests to Console Directory Watch.
[[0;32m  OK  [0m] Found device /dev/ttyS0.
[[0;32m  OK  [0m] Started Monitoring of LVM2 mirrors,...ng dmeventd or progress polling.
[[0;32m  OK  [0m] Listening on Load/Save RF Kill Switch Status /dev/rfkill Watch.
[[0;32m  OK  [0m] Reached target Local File Systems (Pre).
[[0;32m  OK  [0m] Reached target Local File Systems.
         Starting Commit a transient machine-id on disk...
         Starting Create Volatile Files and Directories...
         Starting Set console font and keymap...
         Starting Tell Plymouth To Write Out Runtime Data...
         Starting Initial cloud-init job (pre-networking)...
         Starting LSB: AppArmor initialization...
[[0;32m  OK  [0m] Started Create Volatile Files and Directories.
[[0;32m  OK  [0m] Started Commit a transient machine-id on disk.
[[0;32m  OK  [0m] Started Tell Plymouth To Write Out Runtime Data.
         Starting Update UTMP about System Boot/Shutdown...
[[0;32m  OK  [0m] Started Update UTMP about System Boot/Shutdown.
[   12.453433] cloud-init[565]: Cloud-init v. 19.4-33-gbb4131a2-0ubuntu1~16.04.1 running 'init-local' at Wed, 28 Apr 2021 23:06:42 +0000. Up 12.17 seconds.
[[0;32m  OK  [0m] Started Initial cloud-init job (pre-networking).
[[0;32m  OK  [0m] Reached target Network (Pre).
[[0;32m  OK  [0m] Started Set console font and keymap.
[[0;32m  OK  [0m] Created slice system-getty.slice.
[[0;32m  OK  [0m] Started LSB: AppArmor initialization.
         Starting Raise network interfaces...
[[0;32m  OK  [0m] Started Raise network interfaces.
[[0;32m  OK  [0m] Reached target Network.
         Starting Initial cloud-init job (metadata service crawler)...
[   13.614338] cloud-init[948]: Cloud-init v. 19.4-33-gbb4131a2-0ubuntu1~16.04.1 running 'init' at Wed, 28 Apr 2021 23:06:43 +0000. Up 13.19 seconds.
[   13.620352] cloud-init[948]: ci-info: ++++++++++++++++++++++++++++++++++++++Net device info++++++++++++++++++++++++++++++++++++++
[   13.628408] cloud-init[948]: ci-info: +--------+------+----------------------------+---------------+--------+-------------------+
[   13.636931] cloud-init[948]: ci-info: | Device |  Up  |          Address           |      Mask     | Scope  |     Hw-Address    |
[   13.644457] cloud-init[948]: ci-info: +--------+------+----------------------------+---------------+--------+-------------------+
[   13.647696] cloud-init[948]: ci-info: | enp0s3 | True |         10.0.2.15          | 255.255.255.0 | global | 02:f4:cb:fd:67:72 |
[   13.648066] cloud-init[948]: ci-info: | enp0s3 | True | fe80::f4:cbff:fefd:6772/64 |       .       |  link  | 02:f4:cb:fd:67:72 |
[   13.648198] cloud-init[948]: ci-info: |   lo   | True |         127.0.0.1          |   255.0.0.0   |  host  |         .         |
[[0;32m  OK  [0m] Started Initial cloud-init job (metadata service crawler).
[   13.648386] cloud-init[948]: ci-info: |   lo   | True |          ::1/128           |       .       |  host  |         .         |
[   13.657891] cloud-init[948]: ci-info: +--------+------+----------------------------+---------------+--------+-------------------+
[   13.658070] cloud-init[948]: ci-info: +++++++++++++++++++++++++++Route IPv4 info++++++++++++++++++++++++++++
[[0;32m  OK  [0m] Reached target Network is Online.
[   13.658519] cloud-init[948]: ci-info: +-------+-------------+----------+---------------+-----------+-------+
[   13.664768] cloud-init[948]: ci-info: | Route | Destination | Gateway  |    Genmask    | Interface | Flags |
[   13.672781] cloud-init[948]: ci-info: +-------+-------------+----------+---------------+-----------+-------+
[   13.674771] cloud-init[948]: ci-info: |   0   |   0.0.0.0   | 10.0.2.2 |    0.0.0.0    |   enp0s3  |   UG  |
[   13.677091] cloud-init[948]: ci-info: |   1   |   10.0.2.0  | 0.0.0.0  | 255.255.255.0 |   enp0s3  |   U   |
[   13.679360] cloud-init[948]: ci-info: +-------+-------------+----------+---------------+-----------+-------+
[   13.684634] cloud-init[948]: ci-info: +++++++++++++++++++Route IPv6 info+++++++++++++++++++
[   13.686323] cloud-init         Starting iSCSI initiator daemon (iscsid)...
[[0;32m  OK  [0m] Reached target System Initialization.
[[0;32m  OK  [0m] Started Daily apt download activities.
[[0;32m  OK  [0m] Started Message of the Day.
[[0;32m  OK  [0m] Started Daily apt upgrade and clean activities.
[948]: ci-info: +-------+-------------+---------+-----------+-------+
[   13.692084] [cloud-init[0;32m  OK  [0m[948]: ] ci-info: | Route | Destination | Gateway | Interface | Flags |Started ACPI Events Check.

[[0;32m  OK  [0m] Reached target Paths.
[   13.692638] [cloud-init[0;32m  OK  [0m[948]: ] ci-info: +-------+-------------+---------+-----------+-------+Listening on ACPID Listen Socket.

         Starting Socket activation for snappy daemon.
[   13.698074] cloud-init[[0;32m  OK  [0m] Listening on UUID daemon activation socket.
[[0;32m  OK  [0m] Listening on D-Bus System Message Bus Socket.
[948]: ci-info: |   0   |  fe80::/64  |    ::   |   enp0s3  |   U   |
[   13.701310] cloud-init         Starting LXD - unix socket.
[[0;32m  OK  [0m] Started Daily Cleanup of Temporary Directories.
[[0;32m  OK  [0m] Reached target Timers.
[[0;32m  OK  [0m] Reached target Cloud-config availability.
[948]: ci-info: |   3   |   ff00::/8  |    ::   |   enp0s3  |   U   |
[   13.716348] cloud-init[948]: ci-info: +-------+-------------+---------+-----------+-------+
[[0;32m  OK  [0m] Listening on Socket activation for snappy daemon.
[   13.727133] cloud-init[948]: Generating public/private rsa key pair.
[   13.733899] cloud-init[948]: Your identification has been saved in /etc/ssh/ssh_host_rsa_key.
[   13.735253] cloud-init[948]: Your public key has been saved in /etc/ssh/ssh_host_rsa_key.pub.
[   13.736746] cloud-init[948]: The key fingerprint is:
[   13.737894] cloud-init[948]: SHA256:9OAbnGWaSoL0KBqYwIollnmZvp7xu/d6fVl+vMqSois root@ubuntu-xenial
[   13.739553] cloud-init[948]: The key's randomart image is:
[   13.740441] cloud-init[948]: +---[RSA 2048]----+
[   13.748518] cloud-init[948]: |                 |
[   13.749345] cloud-init[948]: |. o o            |
[   13.750501] cloud-init[948]: |o=o+    o o      |
[   13.751557] cloud-init[948]: |*=o+   + O       |
[   13.753488] [[0;32m  OK  [0m] Listening on LXD - unix socket.
[[0;32m  OK  [0m] Reached target Sockets.
[[0;32m  OK  [0m] Reached target Basic System.
cloud-init[948]: |B o.o . S .      |
[   13.755862]          Starting LSB: Record successful boot for GRUB...
         Starting LSB: MD monitoring daemon...
cloud-init[948]:          Starting /etc/rc.local Compatibility...
|.o  .o . o     . |
[[0;32m  OK  [0m] Started ACPI event daemon.
[[0;32m  OK  [0m] Started D-Bus System Message Bus.
[   13.769637] cloud-init[948]: |.  o  . . . . +. |
[   13.808470]          cloud-initStarting Accounts Service...[948]: 
|  . +E . o +.o .o|
[   13.836703]          cloud-initStarting Login Service...[948]: 
|   o +=+*.. oo..o|
[   13.852306] [cloud-init[0;32m  OK  [0m[948]: ] +----[SHA256]-----+Started FUSE filesystem for LXC.

[   13.852662] cloud-init[948]: Generating public/private dsa key pair.
[   13.901709]          cloud-initStarting LXD - container startup/shutdown...[948]: 
Your identification has been saved in /etc/ssh/ssh_host_dsa_key.
         Starting System Logging Service...
[   13.924409] cloud-init[948]: Your public key has been saved in /etc/ssh/ssh_host_dsa_key.pub.
[   13.956633]          cloud-initStarting Virtualbox guest utils...[948]: 
The key fingerprint is:
[   13.973092]          Starting Pollinate to seed the pseudo random number generator...
cloud-init[948]: SHA256:1JHRion2uINBNson9Tre76MKUEUEgmCLLF6SMdKwGao root@ubuntu-xenial
[   13.975653] [[0;32m  OK  [0m] Started Deferred execution scheduler.
cloud-init[[0;32m  OK  [0m] Started Regular background program processing daemon.
[948]: The key's randomart image is:
         Starting Snappy daemon...
[   13.980002] [[0;32m  OK  [0m] Started System Logging Service.
[[0;32m  OK  [0m] Started iSCSI initiator daemon (iscsid).
[[0;32m  OK  [0m] Started /etc/rc.local Compatibility.
cloud-init[948]: +---[DSA 1024]----+[[0;32m  OK  [0m] Started LXD - container startup/shutdown.

[   13.987950] cloud-init[948]: |O*.++     o+     |
[   13.999911] [cloud-init[0;32m  OK  [0m[948]: ] |B=*.     ....    |Started Login Service.

[   14.007637] [[0;32m  OK  [0m] Started LSB: Record successful boot for GRUB.
cloud-init[948]: |*=..   ..o..     |
[   14.010004] cloud-init[948]: |+.o = o.o .      |
[   14.017475] cloud-init[948]: |Eo = + oS        |
[   14.018919] cloud-init[948]: | .+ o o .        |
[   14.020523] [[0;32m  OK  [0m] Started Unattended Upgrades Shutdown.
         Starting Authenticate and Authorize Users to Run Privileged Tasks...
         Starting Login to default iSCSI targets...
cloud-init[948]: |  .o + .         |
[   14.024209] [[0;32m  OK  [0m] Started LSB: MD monitoring daemon.
cloud-init[948]: |   .+.o .        |
[   14.027639] cloud-init[948]: |   .ooo=o.       |
[   14.031183] cloud-init[948]: +----[SHA256]-----+
[   14.037446] cloud-init[948]: Generating public/private ecdsa key pair.
[   14.044099] cloud-init[948]: Your identification has been saved in /etc/ssh/ssh_host_ecdsa_key.
[   14.050232] [[0;32m  OK  [0m] Started Login to default iSCSI targets.
[[0;32m  OK  [0m] Reached target Remote File Systems (Pre).
[[0;32m  OK  [0m] Reached target Remote File Systems.
cloud-init[948]: Your public key has been saved in /etc/ssh/ssh_host_ecdsa_key.pub.
[   14.058713] cloud-init[948]: The key fingerprint is:
[   14.060495] cloud-init[948]: SHA256:1k2CXMawZw9svLPE9b2F/GnpgvqCgJeThoF3MwFCk7o root@ubuntu-xenial
[   14.072336]          Starting LSB: daemon to balance interrupts for SMP systems...
         Starting LSB: automatic crash report generation...
         Starting LSB: Set the CPU Frequency Scaling governor to "ondemand"...
         Starting Permit User Sessions...
[[0;32m  OK  [0m] Started Authenticate and Authorize Users to Run Privileged Tasks.
[[0;32m  OK  [0m] Started Accounts Service.
cloud-init[948]: The key's randomart image is:
[[0;32m  OK  [0m] Started Permit User Sessions.
[   14.093456] cloud-init[948]:          Starting Terminate Plymouth Boot Screen...
         Starting Hold until boot process finishes up...
+---[ECDSA 256]---+
[   14.097926] [cloud-init[0;32m  OK  [0m[948]: ] |.+...   .oo      |Started Hold until boot process finishes up.

[[0;32m  OK  [0m] Started Getty on tty1.
[[0;32m  OK  [0m] Started Serial Getty on ttyS0.
[[0;32m  OK  [0m] Reached target Login Prompts.
         Starting Set console scheme...
[[0;32m  OK  [0m] Started Terminate Plymouth Boot Screen.
[   14.098427] cloud-init[948]: | .o  . . B.      |
[   14.115321] cloud-init[948]: [[0;32m  OK  [0m] Started Set console scheme.
|. .   . + O o    |
[   14.118788] cloud-init[948]: |.. o +   * O o o |
[[0;32m  OK  [0m] Started LSB: Set the CPU Frequency Scaling governor to "ondemand".
[   14.126171] cloud-init[948]: | .. = = S * o + o|
[[0;32m  OK  [0m] Started LSB: daemon to balance interrupts for SMP systems.
[[0;32m  OK  [0m] Started Virtualbox guest utils.
[   14.135922] cloud-init[948]: |E  o B . . o   .=|
[   14.143690] cloud-init[948]: |    o o . . .  =.|
[[0;32m  OK  [0m] Started LSB: automatic crash report generation.
[   14.150149] cloud-init[948]: |       . . . .o  |
[   14.153304] cloud-init[948]: |         .+.  .. |
[   14.157165] cloud-init[948]: +----[SHA256]-----+
[   14.166769] cloud-init[948]: Generating public/private ed25519 key pair.
[   14.170246] cloud-init[948]: Your identification has been saved in /etc/ssh/ssh_host_ed25519_key.
[   14.172500] cloud-init[948]: Your public key has been saved in /etc/ssh/ssh_host_ed25519_key.pub.
[   14.179132] cloud-init[948]: The key fingerprint is:
[   14.180425] cloud-init[948]: SHA256:FGZ6/jAYLlP/ZwqOa2C4PSq2KIiyFcT4MuObEil7BbY root@ubuntu-xenial
[   14.189695] cloud-init[948]: The key's randomart image is:
[   14.193075] cloud-init[948]: +--[ED25519 256]--+
[   14.194668] cloud-init[948]: |        +        |
[   14.196487] cloud-init[948]: | o     + .       |
[   14.199025] cloud-init[948]: |. o   + o        |
[   14.203713] cloud-init[948]: | oo  o B         |
[   14.205354] cloud-init[948]: |+oo+o o S        |
[   14.207597] cloud-init[948]: |=+E.+o   =       |
[   14.209037] cloud-init[948]: |++.= .  . o o    |
[   14.216638] cloud-init[948]: |Xo= o .o . +     |
[   14.218584] cloud-init[948]: |BBo. oo.. .      |
[   14.219886] cloud-init[948]: +----[SHA256]-----+
[[0;32m  OK  [0m] Started Snappy daemon.
         Starting Wait until snapd is fully seeded...
[[0;32m  OK  [0m] Started Pollinate to seed the pseudo random number generator.
         Starting OpenBSD Secure Shell server...
[[0;32m  OK  [0m] Started OpenBSD Secure Shell server.
[[0;32m  OK  [0m] Started Wait until snapd is fully seeded.
         Starting Apply the settings specified in cloud-config...
[[0;32m  OK  [0m] Reached target Multi-User System.
[[0;32m  OK  [0m] Reached target Graphical Interface.
         Starting Update UTMP about System Runlevel Changes...
[[0;32m  OK  [0m] Started Update UTMP about System Runlevel Changes.
[   18.067379] cloud-init[1302]: Generating locales (this might take a while)...
[   19.925937] cloud-init[1302]:   en_US.UTF-8... done
[   19.927203] cloud-init[1302]: Generation complete.
[   20.124769] cloud-init[1302]: Cloud-init v. 19.4-33-gbb4131a2-0ubuntu1~16.04.1 running 'modules:config' at Wed, 28 Apr 2021 23:06:48 +0000. Up 17.99 seconds.

Ubuntu 16.04.6 LTS ubuntu-xenial ttyS0

ubuntu-xenial login: ci-info: no authorized SSH keys fingerprints found for user ubuntu.
<14>Apr 28 23:06:51 ec2: 
<14>Apr 28 23:06:51 ec2: #############################################################
<14>Apr 28 23:06:51 ec2: -----BEGIN SSH HOST KEY FINGERPRINTS-----
<14>Apr 28 23:06:51 ec2: 1024 SHA256:1JHRion2uINBNson9Tre76MKUEUEgmCLLF6SMdKwGao root@ubuntu-xenial (DSA)
<14>Apr 28 23:06:51 ec2: 256 SHA256:1k2CXMawZw9svLPE9b2F/GnpgvqCgJeThoF3MwFCk7o root@ubuntu-xenial (ECDSA)
<14>Apr 28 23:06:51 ec2: 256 SHA256:FGZ6/jAYLlP/ZwqOa2C4PSq2KIiyFcT4MuObEil7BbY root@ubuntu-xenial (ED25519)
<14>Apr 28 23:06:51 ec2: 2048 SHA256:9OAbnGWaSoL0KBqYwIollnmZvp7xu/d6fVl+vMqSois root@ubuntu-xenial (RSA)
<14>Apr 28 23:06:51 ec2: -----END SSH HOST KEY FINGERPRINTS-----
<14>Apr 28 23:06:51 ec2: #############################################################
-----BEGIN SSH HOST KEY KEYS-----
ecdsa-sha2-nistp256 AAAAE2VjZHNhLXNoYTItbmlzdHAyNTYAAAAIbmlzdHAyNTYAAABBBAVsrnj84srR/E8oZgX2FomVCmu/4wdIkMNw+5w42Bg4zS61g0CrbtKxnNLYJuu8w3WboLrstTGlJL8fyeazq4w= root@ubuntu-xenial
ssh-ed25519 AAAAC3NzaC1lZDI1NTE5AAAAIN1j4sxh5KjWh2AZ7I0Q565Pj3xh4ZnyklzoDCH1msiL root@ubuntu-xenial
ssh-rsa AAAAB3NzaC1yc2EAAAADAQABAAABAQDEXPBT9dbpeLT3H238499tBUDvalRu3sMONSKwuPXpap1hWFGQYjUJQ3jOZRi86hbTma/IAurkCpoEyCuv/4blstz7TdabalVt/nbFeWI9zaymW3RofvRWyAAlVMx1DsD41WVhblBk0VVYAL3RZ0SmOsVZCZfgev2jCQa0OXj6w2AXlwl6QuBZVmALEcSfJSyBnHKAMbt6gYuaXlZLgxZm0sCgUx13x6QA0+35/z/8s/zmPST0UEu6Er1CiuFzhsWz/zDVf4ymhLHRb1DAdWILDxta/GgLig1K6aaDbm6oz0RCVj/78BRP7nPF6C1/OzzmxCp+bn90axl51BFnJS15 root@ubuntu-xenial
-----END SSH HOST KEY KEYS-----
[   20.543996] cloud-init[1347]: Cloud-init v. 19.4-33-gbb4131a2-0ubuntu1~16.04.1 running 'modules:final' at Wed, 28 Apr 2021 23:06:51 +0000. Up 20.40 seconds.
[   20.544220] cloud-init[1347]: ci-info: no authorized SSH keys fingerprints found for user ubuntu.
[   20.544307] cloud-init[1347]: Cloud-init v. 19.4-33-gbb4131a2-0ubuntu1~16.04.1 finished at Wed, 28 Apr 2021 23:06:51 +0000. Datasource DataSourceNoCloud [seed=/dev/sdb][dsmode=net].  Up 20.53 seconds
